0 info it worked if it ends with ok
1 verbose cli [ 'node', '/usr/local/bin/npm', 'publish' ]
2 info using npm@1.3.21
3 info using node@v0.10.24
4 verbose publish [ '.' ]
5 verbose cache add [ '.', null ]
6 verbose cache add name=undefined spec="." args=[".",null]
7 verbose parsed url { protocol: null,
7 verbose parsed url   slashes: null,
7 verbose parsed url   auth: null,
7 verbose parsed url   host: null,
7 verbose parsed url   port: null,
7 verbose parsed url   hostname: null,
7 verbose parsed url   hash: null,
7 verbose parsed url   search: null,
7 verbose parsed url   query: null,
7 verbose parsed url   pathname: '.',
7 verbose parsed url   path: '.',
7 verbose parsed url   href: '.' }
8 silly lockFile 3a52ce78- .
9 verbose lock . /Users/robchristian/.npm/3a52ce78-.lock
10 verbose tar pack [ '/var/folders/fw/jgkzzksd7snfy1zncfxp3p200000gn/T/npm-17996-8YB_3678/1389607329640-0.3598253617528826/tmp.tgz',
10 verbose tar pack   '.' ]
11 verbose tarball /var/folders/fw/jgkzzksd7snfy1zncfxp3p200000gn/T/npm-17996-8YB_3678/1389607329640-0.3598253617528826/tmp.tgz
12 verbose folder .
13 info prepublish encore@0.0.23-beta
14 silly lockFile 1f1177db-tar tar://.
15 verbose lock tar://. /Users/robchristian/.npm/1f1177db-tar.lock
16 silly lockFile 0729f4b1-29640-0-3598253617528826-tmp-tgz tar:///var/folders/fw/jgkzzksd7snfy1zncfxp3p200000gn/T/npm-17996-8YB_3678/1389607329640-0.3598253617528826/tmp.tgz
17 verbose lock tar:///var/folders/fw/jgkzzksd7snfy1zncfxp3p200000gn/T/npm-17996-8YB_3678/1389607329640-0.3598253617528826/tmp.tgz /Users/robchristian/.npm/0729f4b1-29640-0-3598253617528826-tmp-tgz.lock
18 silly lockFile 1f1177db-tar tar://.
19 silly lockFile 1f1177db-tar tar://.
20 silly lockFile 0729f4b1-29640-0-3598253617528826-tmp-tgz tar:///var/folders/fw/jgkzzksd7snfy1zncfxp3p200000gn/T/npm-17996-8YB_3678/1389607329640-0.3598253617528826/tmp.tgz
21 silly lockFile 0729f4b1-29640-0-3598253617528826-tmp-tgz tar:///var/folders/fw/jgkzzksd7snfy1zncfxp3p200000gn/T/npm-17996-8YB_3678/1389607329640-0.3598253617528826/tmp.tgz
22 verbose tar unpack /var/folders/fw/jgkzzksd7snfy1zncfxp3p200000gn/T/npm-17996-8YB_3678/1389607329640-0.3598253617528826/tmp.tgz
23 silly lockFile 30d9f2dd-29640-0-3598253617528826-package tar:///var/folders/fw/jgkzzksd7snfy1zncfxp3p200000gn/T/npm-17996-8YB_3678/1389607329640-0.3598253617528826/package
24 verbose lock tar:///var/folders/fw/jgkzzksd7snfy1zncfxp3p200000gn/T/npm-17996-8YB_3678/1389607329640-0.3598253617528826/package /Users/robchristian/.npm/30d9f2dd-29640-0-3598253617528826-package.lock
25 silly lockFile 0729f4b1-29640-0-3598253617528826-tmp-tgz tar:///var/folders/fw/jgkzzksd7snfy1zncfxp3p200000gn/T/npm-17996-8YB_3678/1389607329640-0.3598253617528826/tmp.tgz
26 verbose lock tar:///var/folders/fw/jgkzzksd7snfy1zncfxp3p200000gn/T/npm-17996-8YB_3678/1389607329640-0.3598253617528826/tmp.tgz /Users/robchristian/.npm/0729f4b1-29640-0-3598253617528826-tmp-tgz.lock
27 silly gunzTarPerm modes [ '755', '644' ]
28 silly gunzTarPerm extractEntry package.json
29 silly gunzTarPerm extractEntry .npmignore
30 silly gunzTarPerm extractEntry README.md
31 silly gunzTarPerm extractEntry LICENSE
32 silly gunzTarPerm extractEntry main.js
33 silly gunzTarPerm extractEntry node_modules/e_controllers.js
34 silly gunzTarPerm extractEntry node_modules/e_fileops.js
35 silly gunzTarPerm extractEntry node_modules/e_helpers_io.js
36 silly gunzTarPerm extractEntry node_modules/e_helpers_path.js
37 silly gunzTarPerm extractEntry node_modules/e_helpers_process.js
38 silly gunzTarPerm extractEntry node_modules/e_helpers_typecheck.js
39 silly gunzTarPerm extractEntry node_modules/e_views.js
40 silly gunzTarPerm extractEntry node_modules/e_settings.json
41 silly lockFile 30d9f2dd-29640-0-3598253617528826-package tar:///var/folders/fw/jgkzzksd7snfy1zncfxp3p200000gn/T/npm-17996-8YB_3678/1389607329640-0.3598253617528826/package
42 silly lockFile 30d9f2dd-29640-0-3598253617528826-package tar:///var/folders/fw/jgkzzksd7snfy1zncfxp3p200000gn/T/npm-17996-8YB_3678/1389607329640-0.3598253617528826/package
43 silly lockFile 0729f4b1-29640-0-3598253617528826-tmp-tgz tar:///var/folders/fw/jgkzzksd7snfy1zncfxp3p200000gn/T/npm-17996-8YB_3678/1389607329640-0.3598253617528826/tmp.tgz
44 silly lockFile 0729f4b1-29640-0-3598253617528826-tmp-tgz tar:///var/folders/fw/jgkzzksd7snfy1zncfxp3p200000gn/T/npm-17996-8YB_3678/1389607329640-0.3598253617528826/tmp.tgz
45 verbose tar pack [ '/Users/robchristian/.npm/encore/0.0.23-beta/package.tgz',
45 verbose tar pack   '/var/folders/fw/jgkzzksd7snfy1zncfxp3p200000gn/T/npm-17996-8YB_3678/1389607329640-0.3598253617528826/package' ]
46 verbose tarball /Users/robchristian/.npm/encore/0.0.23-beta/package.tgz
47 verbose folder /var/folders/fw/jgkzzksd7snfy1zncfxp3p200000gn/T/npm-17996-8YB_3678/1389607329640-0.3598253617528826/package
48 silly lockFile 30d9f2dd-29640-0-3598253617528826-package tar:///var/folders/fw/jgkzzksd7snfy1zncfxp3p200000gn/T/npm-17996-8YB_3678/1389607329640-0.3598253617528826/package
49 verbose lock tar:///var/folders/fw/jgkzzksd7snfy1zncfxp3p200000gn/T/npm-17996-8YB_3678/1389607329640-0.3598253617528826/package /Users/robchristian/.npm/30d9f2dd-29640-0-3598253617528826-package.lock
50 silly lockFile f3de4b2f-m-encore-0-0-23-beta-package-tgz tar:///Users/robchristian/.npm/encore/0.0.23-beta/package.tgz
51 verbose lock tar:///Users/robchristian/.npm/encore/0.0.23-beta/package.tgz /Users/robchristian/.npm/f3de4b2f-m-encore-0-0-23-beta-package-tgz.lock
52 silly lockFile 30d9f2dd-29640-0-3598253617528826-package tar:///var/folders/fw/jgkzzksd7snfy1zncfxp3p200000gn/T/npm-17996-8YB_3678/1389607329640-0.3598253617528826/package
53 silly lockFile 30d9f2dd-29640-0-3598253617528826-package tar:///var/folders/fw/jgkzzksd7snfy1zncfxp3p200000gn/T/npm-17996-8YB_3678/1389607329640-0.3598253617528826/package
54 silly lockFile f3de4b2f-m-encore-0-0-23-beta-package-tgz tar:///Users/robchristian/.npm/encore/0.0.23-beta/package.tgz
55 silly lockFile f3de4b2f-m-encore-0-0-23-beta-package-tgz tar:///Users/robchristian/.npm/encore/0.0.23-beta/package.tgz
56 silly lockFile 291fc93b-n-npm-encore-0-0-23-beta-package /Users/robchristian/.npm/encore/0.0.23-beta/package
57 verbose lock /Users/robchristian/.npm/encore/0.0.23-beta/package /Users/robchristian/.npm/291fc93b-n-npm-encore-0-0-23-beta-package.lock
58 silly lockFile 291fc93b-n-npm-encore-0-0-23-beta-package /Users/robchristian/.npm/encore/0.0.23-beta/package
59 silly lockFile 291fc93b-n-npm-encore-0-0-23-beta-package /Users/robchristian/.npm/encore/0.0.23-beta/package
60 verbose tar unpack /Users/robchristian/.npm/encore/0.0.23-beta/package.tgz
61 silly lockFile c8b36929-n-npm-encore-0-0-23-beta-package tar:///Users/robchristian/.npm/encore/0.0.23-beta/package
62 verbose lock tar:///Users/robchristian/.npm/encore/0.0.23-beta/package /Users/robchristian/.npm/c8b36929-n-npm-encore-0-0-23-beta-package.lock
63 silly lockFile f3de4b2f-m-encore-0-0-23-beta-package-tgz tar:///Users/robchristian/.npm/encore/0.0.23-beta/package.tgz
64 verbose lock tar:///Users/robchristian/.npm/encore/0.0.23-beta/package.tgz /Users/robchristian/.npm/f3de4b2f-m-encore-0-0-23-beta-package-tgz.lock
65 silly gunzTarPerm modes [ '755', '644' ]
66 silly gunzTarPerm extractEntry package.json
67 silly gunzTarPerm extractEntry .npmignore
68 silly gunzTarPerm extractEntry README.md
69 silly gunzTarPerm extractEntry LICENSE
70 silly gunzTarPerm extractEntry main.js
71 silly gunzTarPerm extractEntry node_modules/e_controllers.js
72 silly gunzTarPerm extractEntry node_modules/e_fileops.js
73 silly gunzTarPerm extractEntry node_modules/e_helpers_io.js
74 silly gunzTarPerm extractEntry node_modules/e_helpers_path.js
75 silly gunzTarPerm extractEntry node_modules/e_helpers_process.js
76 silly gunzTarPerm extractEntry node_modules/e_helpers_typecheck.js
77 silly gunzTarPerm extractEntry node_modules/e_views.js
78 silly gunzTarPerm extractEntry node_modules/e_settings.json
79 silly lockFile c8b36929-n-npm-encore-0-0-23-beta-package tar:///Users/robchristian/.npm/encore/0.0.23-beta/package
80 silly lockFile c8b36929-n-npm-encore-0-0-23-beta-package tar:///Users/robchristian/.npm/encore/0.0.23-beta/package
81 silly lockFile f3de4b2f-m-encore-0-0-23-beta-package-tgz tar:///Users/robchristian/.npm/encore/0.0.23-beta/package.tgz
82 silly lockFile f3de4b2f-m-encore-0-0-23-beta-package-tgz tar:///Users/robchristian/.npm/encore/0.0.23-beta/package.tgz
83 verbose chmod /Users/robchristian/.npm/encore/0.0.23-beta/package.tgz 644
84 verbose chown /Users/robchristian/.npm/encore/0.0.23-beta/package.tgz [ 501, 20 ]
85 silly lockFile 3a52ce78- .
86 silly lockFile 3a52ce78- .
87 silly publish { name: 'encore',
87 silly publish   version: '0.0.23-beta',
87 silly publish   author: { name: 'Rob Christian' },
87 silly publish   description: 'A modular MVC framework for node.js.',
87 silly publish   main: './main.js',
87 silly publish   repository: { type: 'git', url: 'http://github.com/rm-rf-etc/encore' },
87 silly publish   keywords: [ 'framework', 'mvc' ],
87 silly publish   license: 'MIT',
87 silly publish   dependencies:
87 silly publish    { filefetcher: '0.0.1',
87 silly publish      easyioc: '~0.1.10',
87 silly publish      'lodash-node': '~2.4.0',
87 silly publish      chokidar: '~0.8.0',
87 silly publish      runway: '~2.15.43-beta',
87 silly publish      handlebars: '~1.2.0' },
87 silly publish   readme: '## Encore.js\n[![NPM](https://nodei.co/npm/encore.png?compact=true)](https://nodei.co/npm/encore/)\n\nThis is an MVC framework for node.js that I\'m building. I\'ve authored 3 modules specifically for this project,\nand you can find them on npm and github:  \n\n* Runway - the router  \n* FileFetcher - project file loader  \n* Easyioc - inversion of control module  \n\nCurrent Features List:\n\n* Inversion of control dependency loading  \n* Cleanest routing syntax ever\n* Route groups  \n* Route wildcards  \n* RESTful controllers  \n* Filters on routes or controllers  \n* View templating _(any 3rd party templating library)_  \n* Performance optimized view rendering  \n* Flexible recursive project loading\n\nFor examples, please visit:  \nhttp://encore.jit.su\n\nMore coming soon.\n\n## License\n\nThe MIT License (MIT)\n\nCopyright (c) 2013 Rob Christian\n\nPermission is hereby granted, free of charge, to any person obtaining a copy of\nthis software and associated documentation files (the "Software"), to deal in\nthe Software without restriction, including without limitation the rights to\nuse, copy, modify, merge, publish, distribute, sublicense, and/or sell copies of\nthe Software, and to permit persons to whom the Software is furnished to do so,\nsubject to the following conditions:\n\nThe above copyright notice and this permission notice shall be included in all\ncopies or substantial portions of the Software.\n\nTHE SOFTWARE IS PROVIDED "AS IS", WITHOUT WARRANTY OF ANY KIND, EXPRESS OR\nIMPLIED, INCLUDING BUT NOT LIMITED TO THE WARRANTIES OF MERCHANTABILITY, FITNESS\nFOR A PARTICULAR PURPOSE AND NONINFRINGEMENT. IN NO EVENT SHALL THE AUTHORS OR\nCOPYRIGHT HOLDERS BE LIABLE FOR ANY CLAIM, DAMAGES OR OTHER LIABILITY, WHETHER\nIN AN ACTION OF CONTRACT, TORT OR OTHERWISE, ARISING FROM, OUT OF OR IN\nCONNECTION WITH THE SOFTWARE OR THE USE OR OTHER DEALINGS IN THE SOFTWARE.\n',
87 silly publish   readmeFilename: 'README.md',
87 silly publish   bugs: { url: 'https://github.com/rm-rf-etc/encore/issues' },
87 silly publish   homepage: 'https://github.com/rm-rf-etc/encore',
87 silly publish   bundleDependencies:
87 silly publish    [ 'e_fileops.js',
87 silly publish      'e_helpers_io.js',
87 silly publish      'e_helpers_path.js',
87 silly publish      'e_helpers_process.js',
87 silly publish      'e_helpers_typecheck.js',
87 silly publish      'e_controllers.js',
87 silly publish      'e_settings.json',
87 silly publish      'e_views.js' ],
87 silly publish   _id: 'encore@0.0.23-beta',
87 silly publish   dist: { shasum: '2ffda92c3ecf4450e467d8482590c0859e95cdcb' },
87 silly publish   _from: '.' }
88 verbose url raw encore
89 verbose url resolving [ 'https://registry.npmjs.org/', './encore' ]
90 verbose url resolved https://registry.npmjs.org/encore
91 info trying registry request attempt 1 at 02:02:09
92 http PUT https://registry.npmjs.org/encore
93 http 409 https://registry.npmjs.org/encore
94 verbose url raw encore
95 verbose url resolving [ 'https://registry.npmjs.org/', './encore' ]
96 verbose url resolved https://registry.npmjs.org/encore
97 info trying registry request attempt 1 at 02:02:10
98 http GET https://registry.npmjs.org/encore
99 http 200 https://registry.npmjs.org/encore
100 error publish fail Cannot publish over existing version.
100 error publish fail Update the 'version' field in package.json and try again.
100 error publish fail
100 error publish fail If the previous version was published in error, see:
100 error publish fail     npm help unpublish
100 error publish fail
100 error publish fail To automatically increment version numbers, see:
100 error publish fail     npm help version
101 error System Darwin 12.5.0
102 error command "node" "/usr/local/bin/npm" "publish"
103 error cwd /Users/robchristian/www/npm-published/encore
104 error node -v v0.10.24
105 error npm -v 1.3.21
106 error code EPUBLISHCONFLICT
107 verbose exit [ 1, true ]
